TN:
SF:src/api/services/savingsService.ts
FN:25,(anonymous_0)
FN:31,(anonymous_1)
FN:43,(anonymous_2)
FN:47,(anonymous_3)
FN:51,(anonymous_4)
FN:55,(anonymous_5)
FN:59,(anonymous_6)
FN:63,(anonymous_7)
FNF:8
FNH:7
FNDA:2,(anonymous_0)
FNDA:1,(anonymous_1)
FNDA:1,(anonymous_2)
FNDA:1,(anonymous_3)
FNDA:1,(anonymous_4)
FNDA:1,(anonymous_5)
FNDA:1,(anonymous_6)
FNDA:0,(anonymous_7)
DA:1,1
DA:24,1
DA:26,2
DA:40,1
DA:44,1
DA:48,1
DA:52,1
DA:56,1
DA:60,1
DA:64,0
LF:10
LH:9
BRDA:27,0,0,1
BRDA:27,0,1,1
BRF:2
BRH:2
end_of_record
